SF:lib\bloc\user_bloc.dart
DA:12,1
DA:18,2
DA:20,2
DA:22,1
DA:32,1
DA:34,2
DA:37,2
DA:39,2
DA:43,0
LF:9
LH:8
end_of_record
SF:lib\bloc\user_events.dart
DA:5,2
DA:11,0
DA:16,2
DA:18,0
DA:19,0
LF:5
LH:2
end_of_record
SF:lib\bloc\user_states.dart
DA:7,1
DA:13,1
DA:15,1
DA:16,1
DA:34,1
DA:40,2
DA:46,0
LF:7
LH:6
end_of_record
SF:lib\model\user_model.dart
DA:7,1
DA:9,0
DA:10,0
DA:11,0
DA:12,0
DA:13,0
DA:16,0
DA:17,0
DA:18,0
DA:19,0
DA:20,0
DA:21,0
LF:12
LH:1
end_of_record
SF:lib\core\network.dart
DA:10,0
DA:17,0
DA:19,0
DA:21,0
DA:23,0
DA:25,0
DA:27,0
DA:29,0
LF:8
LH:0
end_of_record
SF:lib\core\repository\user_repo.dart
DA:9,0
DA:16,0
DA:18,0
LF:3
LH:0
end_of_record
SF:lib\model\product_model.dart
DA:14,0
DA:28,0
DA:29,0
DA:30,0
DA:31,0
DA:32,0
DA:33,0
DA:34,0
DA:35,0
DA:36,0
DA:37,0
DA:38,0
DA:39,0
DA:40,0
LF:14
LH:0
end_of_record
SF:lib\main.dart
DA:58,0
DA:60,0
DA:62,0
DA:69,1
DA:71,1
DA:74,1
DA:76,1
LF:7
LH:4
end_of_record
SF:lib\page\test_page.dart
DA:5,1
DA:7,1
DA:10,1
DA:12,1
DA:14,1
DA:16,1
DA:18,1
DA:21,1
DA:29,1
DA:39,1
DA:41,1
DA:44,1
DA:46,1
DA:47,1
DA:48,1
LF:15
LH:15
end_of_record
SF:lib\page\user_page.dart
DA:11,0
DA:13,0
DA:14,0
DA:21,0
DA:24,0
DA:25,0
DA:26,0
DA:29,0
DA:32,0
DA:34,0
DA:38,0
DA:40,0
DA:42,0
DA:43,0
DA:45,0
DA:49,0
DA:53,0
DA:57,0
DA:59,0
DA:61,0
DA:62,0
DA:64,0
DA:65,0
DA:67,0
DA:70,0
DA:71,0
LF:26
LH:0
end_of_record
